# JRE version: Java(TM) SE Runtime Environment (8.0_101-b13) (build 1.8.0_101-b13)
# Java VM: Java HotSpot(TM) 64-Bit Server VM (25.101-b13 mixed mode bsd-amd64 compressed oops)
Heap:
 PSYoungGen      total 342016K, used 31980K [0x0000000795580000, 0x00000007abd80000, 0x00000007c0000000)
  eden space 326656K, 5% used [0x0000000795580000,0x00000007965c2278,0x00000007a9480000)
  from space 15360K, 99% used [0x00000007aac80000,0x00000007abb78e80,0x00000007abb80000)
  to   space 20992K, 0% used [0x00000007a9480000,0x00000007a9480000,0x00000007aa900000)
 ParOldGen       total 69120K, used 30228K [0x0000000740000000, 0x0000000744380000, 0x0000000795580000)
  object space 69120K, 43% used [0x0000000740000000,0x0000000741d85170,0x0000000744380000)
 Metaspace       used 53735K, capacity 56066K, committed 56320K, reserved 1097728K
  class space    used 6866K, capacity 7320K, committed 7424K, reserved 1048576K
GC Heap History (10 events):
Event: 4.315 GC heap before
{Heap before GC invocations=8 (full 1):
 PSYoungGen      total 142336K, used 133120K [0x0000000795580000, 0x000000079e980000, 0x00000007c0000000)
  eden space 133120K, 100% used [0x0000000795580000,0x000000079d780000,0x000000079d780000)
  from space 9216K, 0% used [0x000000079e080000,0x000000079e080000,0x000000079e980000)
  to   space 9216K, 0% used [0x000000079d780000,0x000000079d780000,0x000000079e080000)
 ParOldGen       total 48640K, used 6378K [0x0000000740000000, 0x0000000742f80000, 0x0000000795580000)
  object space 48640K, 13% used [0x0000000740000000,0x000000074063a8b8,0x0000000742f80000)
 Metaspace       used 27077K, capacity 28310K, committed 28544K, reserved 1073152K
  class space    used 3619K, capacity 3897K, committed 3968K, reserved 1048576K
Event: 4.332 GC heap after
Heap after GC invocations=8 (full 1):
 PSYoungGen      total 142336K, used 9200K [0x0000000795580000, 0x00000007a5680000, 0x00000007c0000000)
  eden space 133120K, 0% used [0x0000000795580000,0x0000000795580000,0x000000079d780000)
  from space 9216K, 99% used [0x000000079d780000,0x000000079e07c060,0x000000079e080000)
  to   space 10752K, 0% used [0x00000007a4c00000,0x00000007a4c00000,0x00000007a5680000)
 ParOldGen       total 48640K, used 7151K [0x0000000740000000, 0x0000000742f80000, 0x0000000795580000)
  object space 48640K, 14% used [0x0000000740000000,0x00000007406fbc70,0x0000000742f80000)
 Metaspace       used 27077K, capacity 28310K, committed 28544K, reserved 1073152K
  class space    used 3619K, capacity 3897K, committed 3968K, reserved 1048576K
}
Event: 5.070 GC heap before
{Heap before GC invocations=9 (full 1):
 PSYoungGen      total 142336K, used 128432K [0x0000000795580000, 0x00000007a5680000, 0x00000007c0000000)
  eden space 133120K, 89% used [0x0000000795580000,0x000000079c9f0090,0x000000079d780000)
  from space 9216K, 99% used [0x000000079d780000,0x000000079e07c060,0x000000079e080000)
  to   space 10752K, 0% used [0x00000007a4c00000,0x00000007a4c00000,0x00000007a5680000)
 ParOldGen       total 48640K, used 7151K [0x0000000740000000, 0x0000000742f80000, 0x0000000795580000)
  object space 48640K, 14% used [0x0000000740000000,0x00000007406fbc70,0x0000000742f80000)
 Metaspace       used 34005K, capacity 35406K, committed 35496K, reserved 1079296K
  class space    used 4503K, capacity 4831K, committed 4864K, reserved 1048576K
Event: 5.093 GC heap after
Heap after GC invocations=9 (full 1):
 PSYoungGen      total 249344K, used 10721K [0x0000000795580000, 0x00000007a5680000, 0x00000007c0000000)
  eden space 238592K, 0% used [0x0000000795580000,0x0000000795580000,0x00000007a3e80000)
  from space 10752K, 99% used [0x00000007a4c00000,0x00000007a5678418,0x00000007a5680000)
  to   space 12288K, 0% used [0x00000007a3e80000,0x00000007a3e80000,0x00000007a4a80000)
 ParOldGen       total 48640K, used 8230K [0x0000000740000000, 0x0000000742f80000, 0x0000000795580000)
  object space 48640K, 16% used [0x0000000740000000,0x0000000740809868,0x0000000742f80000)
 Metaspace       used 34005K, capacity 35406K, committed 35496K, reserved 1079296K
  class space    used 4503K, capacity 4831K, committed 4864K, reserved 1048576K
}
Event: 5.093 GC heap before
{Heap before GC invocations=10 (full 2):
 PSYoungGen      total 249344K, used 10721K [0x0000000795580000, 0x00000007a5680000, 0x00000007c0000000)
  eden space 238592K, 0% used [0x0000000795580000,0x0000000795580000,0x00000007a3e80000)
  from space 10752K, 99% used [0x00000007a4c00000,0x00000007a5678418,0x00000007a5680000)
  to   space 12288K, 0% used [0x00000007a3e80000,0x00000007a3e80000,0x00000007a4a80000)
 ParOldGen       total 48640K, used 8230K [0x0000000740000000, 0x0000000742f80000, 0x0000000795580000)
  object space 48640K, 16% used [0x0000000740000000,0x0000000740809868,0x0000000742f80000)
 Metaspace       used 34005K, capacity 35406K, committed 35496K, reserved 1079296K
  class space    used 4503K, capacity 4831K, committed 4864K, reserved 1048576K
Event: 5.160 GC heap after
Heap after GC invocations=10 (full 2):
 PSYoungGen      total 249344K, used 0K [0x0000000795580000, 0x00000007a5680000, 0x00000007c0000000)
  eden space 238592K, 0% used [0x0000000795580000,0x0000000795580000,0x00000007a3e80000)
  from space 10752K, 0% used [0x00000007a4c00000,0x00000007a4c00000,0x00000007a5680000)
  to   space 12288K, 0% used [0x00000007a3e80000,0x00000007a3e80000,0x00000007a4a80000)
 ParOldGen       total 69120K, used 17291K [0x0000000740000000, 0x0000000744380000, 0x0000000795580000)
  object space 69120K, 25% used [0x0000000740000000,0x00000007410e2e18,0x0000000744380000)
 Metaspace       used 34005K, capacity 35406K, committed 35496K, reserved 1079296K
  class space    used 4503K, capacity 4831K, committed 4864K, reserved 1048576K
}
Event: 20.571 GC heap before
{Heap before GC invocations=11 (full 2):
 PSYoungGen      total 249344K, used 238592K [0x0000000795580000, 0x00000007a5680000, 0x00000007c0000000)
  eden space 238592K, 100% used [0x0000000795580000,0x00000007a3e80000,0x00000007a3e80000)
  from space 10752K, 0% used [0x00000007a4c00000,0x00000007a4c00000,0x00000007a5680000)
  to   space 12288K, 0% used [0x00000007a3e80000,0x00000007a3e80000,0x00000007a4a80000)
 ParOldGen       total 69120K, used 17291K [0x0000000740000000, 0x0000000744380000, 0x0000000795580000)
  object space 69120K, 25% used [0x0000000740000000,0x00000007410e2e18,0x0000000744380000)
 Metaspace       used 46124K, capacity 48374K, committed 48768K, reserved 1091584K
  class space    used 5976K, capacity 6414K, committed 6528K, reserved 1048576K
Event: 20.592 GC heap after
Heap after GC invocations=11 (full 2):
 PSYoungGen      total 250880K, used 12269K [0x0000000795580000, 0x00000007abb80000, 0x00000007c0000000)
  eden space 238592K, 0% used [0x0000000795580000,0x0000000795580000,0x00000007a3e80000)
  from space 12288K, 99% used [0x00000007a3e80000,0x00000007a4a7b538,0x00000007a4a80000)
  to   space 15360K, 0% used [0x00000007aac80000,0x00000007aac80000,0x00000007abb80000)
 ParOldGen       total 69120K, used 21309K [0x0000000740000000, 0x0000000744380000, 0x0000000795580000)
  object space 69120K, 30% used [0x0000000740000000,0x00000007414cf770,0x0000000744380000)
 Metaspace       used 46124K, capacity 48374K, committed 48768K, reserved 1091584K
  class space    used 5976K, capacity 6414K, committed 6528K, reserved 1048576K
}
Event: 91.811 GC heap before
{Heap before GC invocations=12 (full 2):
 PSYoungGen      total 250880K, used 250861K [0x0000000795580000, 0x00000007abb80000, 0x00000007c0000000)
  eden space 238592K, 100% used [0x0000000795580000,0x00000007a3e80000,0x00000007a3e80000)
  from space 12288K, 99% used [0x00000007a3e80000,0x00000007a4a7b538,0x00000007a4a80000)
  to   space 15360K, 0% used [0x00000007aac80000,0x00000007aac80000,0x00000007abb80000)
 ParOldGen       total 69120K, used 21309K [0x0000000740000000, 0x0000000744380000, 0x0000000795580000)
  object space 69120K, 30% used [0x0000000740000000,0x00000007414cf770,0x0000000744380000)
 Metaspace       used 53498K, capacity 55836K, committed 55936K, reserved 1097728K
  class space    used 6830K, capacity 7287K, committed 7296K, reserved 1048576K
Event: 91.843 GC heap after
Heap after GC invocations=12 (full 2):
 PSYoungGen      total 342016K, used 15331K [0x0000000795580000, 0x00000007abd80000, 0x00000007c0000000)
  eden space 326656K, 0% used [0x0000000795580000,0x0000000795580000,0x00000007a9480000)
  from space 15360K, 99% used [0x00000007aac80000,0x00000007abb78e80,0x00000007abb80000)
  to   space 20992K, 0% used [0x00000007a9480000,0x00000007a9480000,0x00000007aa900000)
 ParOldGen       total 69120K, used 30228K [0x0000000740000000, 0x0000000744380000, 0x0000000795580000)
  object space 69120K, 43% used [0x0000000740000000,0x0000000741d85170,0x0000000744380000)
 Metaspace       used 53498K, capacity 55836K, committed 55936K, reserved 1097728K
  class space    used 6830K, capacity 7287K, committed 7296K, reserved 1048576K
}

